2025-05-06 16:19:35,967 [Worker-8: Loading available Gradle versions] INFO  o.e.b.c.i.u.g.PublishedGradleVersions - Gradle version information cache is not available. Remote download required.
2025-05-06 16:21:07,087 [Worker-40: Launching mavenrun-124ff867-7af0-40e0-ba8e-0cce77da74fb] INFO  o.eclipse.m2e.core.internal.Bundles - getClasspathEntries(Bundle=org.eclipse.m2e.maven.runtime_3.9.900.20250220-2013 [298])
2025-05-06 16:21:07,090 [Worker-40: Launching mavenrun-124ff867-7af0-40e0-ba8e-0cce77da74fb] INFO  o.eclipse.m2e.core.internal.Bundles - 	Entry: C:\Users\Super\.p2\pool\plugins\org.eclipse.m2e.maven.runtime_3.9.900.20250220-2013
2025-05-06 16:21:07,091 [Worker-40: Launching mavenrun-124ff867-7af0-40e0-ba8e-0cce77da74fb] INFO  o.eclipse.m2e.core.internal.Bundles - 	Entry: C:\Users\Super\.p2\pool\plugins\org.eclipse.m2e.maven.runtime_3.9.900.20250220-2013\jars\aopalliance-1.0.jar
2025-05-06 16:21:07,091 [Worker-40: Launching mavenrun-124ff867-7af0-40e0-ba8e-0cce77da74fb] INFO  o.eclipse.m2e.core.internal.Bundles - 	Entry: C:\Users\Super\.p2\pool\plugins\org.eclipse.m2e.maven.runtime_3.9.900.20250220-2013\jars\guice-5.1.0.jar
2025-05-06 16:21:07,091 [Worker-40: Launching mavenrun-124ff867-7af0-40e0-ba8e-0cce77da74fb] INFO  o.eclipse.m2e.core.internal.Bundles - 	Entry: C:\Users\Super\.p2\pool\plugins\org.eclipse.m2e.maven.runtime_3.9.900.20250220-2013\jars\httpclient-4.5.14.jar
2025-05-06 16:21:07,091 [Worker-40: Launching mavenrun-124ff867-7af0-40e0-ba8e-0cce77da74fb] INFO  o.eclipse.m2e.core.internal.Bundles - 	Entry: C:\Users\Super\.p2\pool\plugins\org.eclipse.m2e.maven.runtime_3.9.900.20250220-2013\jars\httpcore-4.4.16.jar
2025-05-06 16:21:07,092 [Worker-40: Launching mavenrun-124ff867-7af0-40e0-ba8e-0cce77da74fb] INFO  o.eclipse.m2e.core.internal.Bundles - 	Entry: C:\Users\Super\.p2\pool\plugins\org.eclipse.m2e.maven.runtime_3.9.900.20250220-2013\jars\jansi-2.4.1.jar
2025-05-06 16:21:07,092 [Worker-40: Launching mavenrun-124ff867-7af0-40e0-ba8e-0cce77da74fb] INFO  o.eclipse.m2e.core.internal.Bundles - 	Entry: C:\Users\Super\.p2\pool\plugins\org.eclipse.m2e.maven.runtime_3.9.900.20250220-2013\jars\jcl-over-slf4j-1.7.36.jar
2025-05-06 16:21:07,092 [Worker-40: Launching mavenrun-124ff867-7af0-40e0-ba8e-0cce77da74fb] INFO  o.eclipse.m2e.core.internal.Bundles - 	Entry: C:\Users\Super\.p2\pool\plugins\org.eclipse.m2e.maven.runtime_3.9.900.20250220-2013\jars\maven-artifact-3.9.9.jar
2025-05-06 16:21:07,092 [Worker-40: Launching mavenrun-124ff867-7af0-40e0-ba8e-0cce77da74fb] INFO  o.eclipse.m2e.core.internal.Bundles - 	Entry: C:\Users\Super\.p2\pool\plugins\org.eclipse.m2e.maven.runtime_3.9.900.20250220-2013\jars\maven-builder-support-3.9.9.jar
2025-05-06 16:21:07,092 [Worker-40: Launching mavenrun-124ff867-7af0-40e0-ba8e-0cce77da74fb] INFO  o.eclipse.m2e.core.internal.Bundles - 	Entry: C:\Users\Super\.p2\pool\plugins\org.eclipse.m2e.maven.runtime_3.9.900.20250220-2013\jars\maven-compat-3.9.9.jar
2025-05-06 16:21:07,092 [Worker-40: Launching mavenrun-124ff867-7af0-40e0-ba8e-0cce77da74fb] INFO  o.eclipse.m2e.core.internal.Bundles - 	Entry: C:\Users\Super\.p2\pool\plugins\org.eclipse.m2e.maven.runtime_3.9.900.20250220-2013\jars\maven-core-3.9.9.jar
2025-05-06 16:21:07,092 [Worker-40: Launching mavenrun-124ff867-7af0-40e0-ba8e-0cce77da74fb] INFO  o.eclipse.m2e.core.internal.Bundles - 	Entry: C:\Users\Super\.p2\pool\plugins\org.eclipse.m2e.maven.runtime_3.9.900.20250220-2013\jars\maven-embedder-3.9.9.jar
2025-05-06 16:21:07,093 [Worker-40: Launching mavenrun-124ff867-7af0-40e0-ba8e-0cce77da74fb] INFO  o.eclipse.m2e.core.internal.Bundles - 	Entry: C:\Users\Super\.p2\pool\plugins\org.eclipse.m2e.maven.runtime_3.9.900.20250220-2013\jars\maven-model-3.9.9.jar
2025-05-06 16:21:07,093 [Worker-40: Launching mavenrun-124ff867-7af0-40e0-ba8e-0cce77da74fb] INFO  o.eclipse.m2e.core.internal.Bundles - 	Entry: C:\Users\Super\.p2\pool\plugins\org.eclipse.m2e.maven.runtime_3.9.900.20250220-2013\jars\maven-model-builder-3.9.9.jar
2025-05-06 16:21:07,093 [Worker-40: Launching mavenrun-124ff867-7af0-40e0-ba8e-0cce77da74fb] INFO  o.eclipse.m2e.core.internal.Bundles - 	Entry: C:\Users\Super\.p2\pool\plugins\org.eclipse.m2e.maven.runtime_3.9.900.20250220-2013\jars\maven-plugin-api-3.9.9.jar
2025-05-06 16:21:07,093 [Worker-40: Launching mavenrun-124ff867-7af0-40e0-ba8e-0cce77da74fb] INFO  o.eclipse.m2e.core.internal.Bundles - 	Entry: C:\Users\Super\.p2\pool\plugins\org.eclipse.m2e.maven.runtime_3.9.900.20250220-2013\jars\maven-repository-metadata-3.9.9.jar
2025-05-06 16:21:07,093 [Worker-40: Launching mavenrun-124ff867-7af0-40e0-ba8e-0cce77da74fb] INFO  o.eclipse.m2e.core.internal.Bundles - 	Entry: C:\Users\Super\.p2\pool\plugins\org.eclipse.m2e.maven.runtime_3.9.900.20250220-2013\jars\maven-resolver-api-1.9.22.jar
2025-05-06 16:21:07,093 [Worker-40: Launching mavenrun-124ff867-7af0-40e0-ba8e-0cce77da74fb] INFO  o.eclipse.m2e.core.internal.Bundles - 	Entry: C:\Users\Super\.p2\pool\plugins\org.eclipse.m2e.maven.runtime_3.9.900.20250220-2013\jars\maven-resolver-connector-basic-1.9.22.jar
2025-05-06 16:21:07,094 [Worker-40: Launching mavenrun-124ff867-7af0-40e0-ba8e-0cce77da74fb] INFO  o.eclipse.m2e.core.internal.Bundles - 	Entry: C:\Users\Super\.p2\pool\plugins\org.eclipse.m2e.maven.runtime_3.9.900.20250220-2013\jars\maven-resolver-impl-1.9.22.jar
2025-05-06 16:21:07,094 [Worker-40: Launching mavenrun-124ff867-7af0-40e0-ba8e-0cce77da74fb] INFO  o.eclipse.m2e.core.internal.Bundles - 	Entry: C:\Users\Super\.p2\pool\plugins\org.eclipse.m2e.maven.runtime_3.9.900.20250220-2013\jars\maven-resolver-named-locks-1.9.22.jar
2025-05-06 16:21:07,094 [Worker-40: Launching mavenrun-124ff867-7af0-40e0-ba8e-0cce77da74fb] INFO  o.eclipse.m2e.core.internal.Bundles - 	Entry: C:\Users\Super\.p2\pool\plugins\org.eclipse.m2e.maven.runtime_3.9.900.20250220-2013\jars\maven-resolver-provider-3.9.9.jar
2025-05-06 16:21:07,094 [Worker-40: Launching mavenrun-124ff867-7af0-40e0-ba8e-0cce77da74fb] INFO  o.eclipse.m2e.core.internal.Bundles - 	Entry: C:\Users\Super\.p2\pool\plugins\org.eclipse.m2e.maven.runtime_3.9.900.20250220-2013\jars\maven-resolver-spi-1.9.22.jar
2025-05-06 16:21:07,095 [Worker-40: Launching mavenrun-124ff867-7af0-40e0-ba8e-0cce77da74fb] INFO  o.eclipse.m2e.core.internal.Bundles - 	Entry: C:\Users\Super\.p2\pool\plugins\org.eclipse.m2e.maven.runtime_3.9.900.20250220-2013\jars\maven-resolver-transport-file-1.9.22.jar
2025-05-06 16:21:07,095 [Worker-40: Launching mavenrun-124ff867-7af0-40e0-ba8e-0cce77da74fb] INFO  o.eclipse.m2e.core.internal.Bundles - 	Entry: C:\Users\Super\.p2\pool\plugins\org.eclipse.m2e.maven.runtime_3.9.900.20250220-2013\jars\maven-resolver-transport-http-1.9.22.jar
2025-05-06 16:21:07,095 [Worker-40: Launching mavenrun-124ff867-7af0-40e0-ba8e-0cce77da74fb] INFO  o.eclipse.m2e.core.internal.Bundles - 	Entry: C:\Users\Super\.p2\pool\plugins\org.eclipse.m2e.maven.runtime_3.9.900.20250220-2013\jars\maven-resolver-transport-wagon-1.9.22.jar
2025-05-06 16:21:07,095 [Worker-40: Launching mavenrun-124ff867-7af0-40e0-ba8e-0cce77da74fb] INFO  o.eclipse.m2e.core.internal.Bundles - 	Entry: C:\Users\Super\.p2\pool\plugins\org.eclipse.m2e.maven.runtime_3.9.900.20250220-2013\jars\maven-resolver-util-1.9.22.jar
2025-05-06 16:21:07,095 [Worker-40: Launching mavenrun-124ff867-7af0-40e0-ba8e-0cce77da74fb] INFO  o.eclipse.m2e.core.internal.Bundles - 	Entry: C:\Users\Super\.p2\pool\plugins\org.eclipse.m2e.maven.runtime_3.9.900.20250220-2013\jars\maven-settings-3.9.9.jar
2025-05-06 16:21:07,095 [Worker-40: Launching mavenrun-124ff867-7af0-40e0-ba8e-0cce77da74fb] INFO  o.eclipse.m2e.core.internal.Bundles - 	Entry: C:\Users\Super\.p2\pool\plugins\org.eclipse.m2e.maven.runtime_3.9.900.20250220-2013\jars\maven-settings-builder-3.9.9.jar
2025-05-06 16:21:07,095 [Worker-40: Launching mavenrun-124ff867-7af0-40e0-ba8e-0cce77da74fb] INFO  o.eclipse.m2e.core.internal.Bundles - 	Entry: C:\Users\Super\.p2\pool\plugins\org.eclipse.m2e.maven.runtime_3.9.900.20250220-2013\jars\maven-shared-utils-3.4.2.jar
2025-05-06 16:21:07,095 [Worker-40: Launching mavenrun-124ff867-7af0-40e0-ba8e-0cce77da74fb] INFO  o.eclipse.m2e.core.internal.Bundles - 	Entry: C:\Users\Super\.p2\pool\plugins\org.eclipse.m2e.maven.runtime_3.9.900.20250220-2013\jars\org.eclipse.sisu.inject-0.9.0.M3.jar
2025-05-06 16:21:07,096 [Worker-40: Launching mavenrun-124ff867-7af0-40e0-ba8e-0cce77da74fb] INFO  o.eclipse.m2e.core.internal.Bundles - 	Entry: C:\Users\Super\.p2\pool\plugins\org.eclipse.m2e.maven.runtime_3.9.900.20250220-2013\jars\org.eclipse.sisu.plexus-0.9.0.M3.jar
2025-05-06 16:21:07,096 [Worker-40: Launching mavenrun-124ff867-7af0-40e0-ba8e-0cce77da74fb] INFO  o.eclipse.m2e.core.internal.Bundles - 	Entry: C:\Users\Super\.p2\pool\plugins\org.eclipse.m2e.maven.runtime_3.9.900.20250220-2013\jars\plexus-build-api-0.0.7.jar
2025-05-06 16:21:07,096 [Worker-40: Launching mavenrun-124ff867-7af0-40e0-ba8e-0cce77da74fb] INFO  o.eclipse.m2e.core.internal.Bundles - 	Entry: C:\Users\Super\.p2\pool\plugins\org.eclipse.m2e.maven.runtime_3.9.900.20250220-2013\jars\plexus-build-api-1.2.0.jar
2025-05-06 16:21:07,096 [Worker-40: Launching mavenrun-124ff867-7af0-40e0-ba8e-0cce77da74fb] INFO  o.eclipse.m2e.core.internal.Bundles - 	Entry: C:\Users\Super\.p2\pool\plugins\org.eclipse.m2e.maven.runtime_3.9.900.20250220-2013\jars\plexus-cipher-2.0.jar
2025-05-06 16:21:07,096 [Worker-40: Launching mavenrun-124ff867-7af0-40e0-ba8e-0cce77da74fb] INFO  o.eclipse.m2e.core.internal.Bundles - 	Entry: C:\Users\Super\.p2\pool\plugins\org.eclipse.m2e.maven.runtime_3.9.900.20250220-2013\jars\plexus-classworlds-2.8.0.jar
2025-05-06 16:21:07,096 [Worker-40: Launching mavenrun-124ff867-7af0-40e0-ba8e-0cce77da74fb] INFO  o.eclipse.m2e.core.internal.Bundles - 	Entry: C:\Users\Super\.p2\pool\plugins\org.eclipse.m2e.maven.runtime_3.9.900.20250220-2013\jars\plexus-component-annotations-2.1.0.jar
2025-05-06 16:21:07,096 [Worker-40: Launching mavenrun-124ff867-7af0-40e0-ba8e-0cce77da74fb] INFO  o.eclipse.m2e.core.internal.Bundles - 	Entry: C:\Users\Super\.p2\pool\plugins\org.eclipse.m2e.maven.runtime_3.9.900.20250220-2013\jars\plexus-interpolation-1.27.jar
2025-05-06 16:21:07,096 [Worker-40: Launching mavenrun-124ff867-7af0-40e0-ba8e-0cce77da74fb] INFO  o.eclipse.m2e.core.internal.Bundles - 	Entry: C:\Users\Super\.p2\pool\plugins\org.eclipse.m2e.maven.runtime_3.9.900.20250220-2013\jars\plexus-sec-dispatcher-2.0.jar
2025-05-06 16:21:07,097 [Worker-40: Launching mavenrun-124ff867-7af0-40e0-ba8e-0cce77da74fb] INFO  o.eclipse.m2e.core.internal.Bundles - 	Entry: C:\Users\Super\.p2\pool\plugins\org.eclipse.m2e.maven.runtime_3.9.900.20250220-2013\jars\plexus-utils-3.5.1.jar
2025-05-06 16:21:07,097 [Worker-40: Launching mavenrun-124ff867-7af0-40e0-ba8e-0cce77da74fb] INFO  o.eclipse.m2e.core.internal.Bundles - 	Entry: C:\Users\Super\.p2\pool\plugins\org.eclipse.m2e.maven.runtime_3.9.900.20250220-2013\jars\plexus-xml-3.0.1.jar
2025-05-06 16:21:07,097 [Worker-40: Launching mavenrun-124ff867-7af0-40e0-ba8e-0cce77da74fb] INFO  o.eclipse.m2e.core.internal.Bundles - 	Entry: C:\Users\Super\.p2\pool\plugins\org.eclipse.m2e.maven.runtime_3.9.900.20250220-2013\jars\wagon-file-3.5.3.jar
2025-05-06 16:21:07,097 [Worker-40: Launching mavenrun-124ff867-7af0-40e0-ba8e-0cce77da74fb] INFO  o.eclipse.m2e.core.internal.Bundles - 	Entry: C:\Users\Super\.p2\pool\plugins\org.eclipse.m2e.maven.runtime_3.9.900.20250220-2013\jars\wagon-http-3.5.3.jar
2025-05-06 16:21:07,097 [Worker-40: Launching mavenrun-124ff867-7af0-40e0-ba8e-0cce77da74fb] INFO  o.eclipse.m2e.core.internal.Bundles - 	Entry: C:\Users\Super\.p2\pool\plugins\org.eclipse.m2e.maven.runtime_3.9.900.20250220-2013\jars\wagon-http-shared-3.5.3.jar
2025-05-06 16:21:07,097 [Worker-40: Launching mavenrun-124ff867-7af0-40e0-ba8e-0cce77da74fb] INFO  o.eclipse.m2e.core.internal.Bundles - 	Entry: C:\Users\Super\.p2\pool\plugins\org.eclipse.m2e.maven.runtime_3.9.900.20250220-2013\jars\wagon-provider-api-3.5.3.jar
2025-05-06 16:21:07,099 [Worker-40: Launching mavenrun-124ff867-7af0-40e0-ba8e-0cce77da74fb] INFO  o.eclipse.m2e.core.internal.Bundles - getClasspathEntries(Bundle=com.google.guava_33.4.0.jre [12])
2025-05-06 16:21:07,099 [Worker-40: Launching mavenrun-124ff867-7af0-40e0-ba8e-0cce77da74fb] INFO  o.eclipse.m2e.core.internal.Bundles - 	Entry: C:\Users\Super\.p2\pool\plugins\com.google.guava_33.4.0.jre.jar
2025-05-06 16:21:07,099 [Worker-40: Launching mavenrun-124ff867-7af0-40e0-ba8e-0cce77da74fb] INFO  o.eclipse.m2e.core.internal.Bundles - getClasspathEntries(Bundle=slf4j.api_2.0.17 [522])
2025-05-06 16:21:07,101 [Worker-40: Launching mavenrun-124ff867-7af0-40e0-ba8e-0cce77da74fb] INFO  o.eclipse.m2e.core.internal.Bundles - 	Entry: C:\Users\Super\.p2\pool\plugins\slf4j.api_2.0.17.jar
2025-05-06 16:21:07,101 [Worker-40: Launching mavenrun-124ff867-7af0-40e0-ba8e-0cce77da74fb] INFO  o.eclipse.m2e.core.internal.Bundles - getClasspathEntries(Bundle=jakarta.inject.jakarta.inject-api_1.0.5 [24])
2025-05-06 16:21:07,101 [Worker-40: Launching mavenrun-124ff867-7af0-40e0-ba8e-0cce77da74fb] INFO  o.eclipse.m2e.core.internal.Bundles - 	Entry: C:\Users\Super\.p2\pool\plugins\jakarta.inject.jakarta.inject-api_1.0.5.jar
2025-05-06 16:21:07,101 [Worker-40: Launching mavenrun-124ff867-7af0-40e0-ba8e-0cce77da74fb] INFO  o.eclipse.m2e.core.internal.Bundles - getClasspathEntries(Bundle=jakarta.annotation-api_1.3.5 [22])
2025-05-06 16:21:07,101 [Worker-40: Launching mavenrun-124ff867-7af0-40e0-ba8e-0cce77da74fb] INFO  o.eclipse.m2e.core.internal.Bundles - 	Entry: C:\Users\Super\.p2\pool\plugins\jakarta.annotation-api_1.3.5.jar
2025-05-06 16:21:07,101 [Worker-40: Launching mavenrun-124ff867-7af0-40e0-ba8e-0cce77da74fb] INFO  o.eclipse.m2e.core.internal.Bundles - getClasspathEntries(Bundle=org.apache.commons.cli_1.9.0 [48])
2025-05-06 16:21:07,102 [Worker-40: Launching mavenrun-124ff867-7af0-40e0-ba8e-0cce77da74fb] INFO  o.eclipse.m2e.core.internal.Bundles - 	Entry: C:\Users\Super\.p2\pool\plugins\org.apache.commons.cli_1.9.0.jar
2025-05-06 16:21:07,102 [Worker-40: Launching mavenrun-124ff867-7af0-40e0-ba8e-0cce77da74fb] INFO  o.eclipse.m2e.core.internal.Bundles - getClasspathEntries(Bundle=org.apache.commons.commons-codec_1.16.0 [49])
2025-05-06 16:21:07,102 [Worker-40: Launching mavenrun-124ff867-7af0-40e0-ba8e-0cce77da74fb] INFO  o.eclipse.m2e.core.internal.Bundles - 	Entry: C:\Users\Super\.p2\pool\plugins\org.apache.commons.commons-codec_1.16.0.jar
2025-05-06 16:21:07,102 [Worker-40: Launching mavenrun-124ff867-7af0-40e0-ba8e-0cce77da74fb] INFO  o.eclipse.m2e.core.internal.Bundles - getClasspathEntries(Bundle=com.google.guava.failureaccess_1.0.2 [13])
2025-05-06 16:21:07,103 [Worker-40: Launching mavenrun-124ff867-7af0-40e0-ba8e-0cce77da74fb] INFO  o.eclipse.m2e.core.internal.Bundles - 	Entry: C:\Users\Super\.p2\pool\plugins\com.google.guava.failureaccess_1.0.2.jar
2025-05-06 16:21:07,110 [Worker-40: Launching mavenrun-124ff867-7af0-40e0-ba8e-0cce77da74fb] INFO  o.e.m.i.launch.MavenLaunchDelegate - Run build in "C:\Users\Super\AppData\Local\Temp\m2e-archetypeGenerator15977688574411512695":
2025-05-06 16:21:07,117 [Worker-40: Launching mavenrun-124ff867-7af0-40e0-ba8e-0cce77da74fb] INFO  o.e.m.i.launch.MavenLaunchDelegate -  mvn  -DarchetypeGroupId=org.apache.maven.archetypes -DarchetypeArtifactId=maven-archetype-quickstart -DarchetypeVersion=1.1 -DgroupId=483 -DartifactId=final -Dversion=0.0.1-SNAPSHOT -Dpackage=final -DoutputDirectory=C:\Users\Super\OneDrive\Documents\483\final-project -Dstyle.color=always -U archetype:generate
2025-05-06 16:21:31,903 [Worker-12: Creating maven-archetype-quickstart] INFO  o.e.m.c.i.p.ProjectConfigurationManager - Collecting project info '/pom.xml' C:\Users\Super\OneDrive\Documents\483\final-project\final\pom.xml
2025-05-06 16:21:32,523 [Worker-12: Creating maven-archetype-quickstart] INFO  o.e.m.c.i.l.LifecycleMappingFactory - Using org.eclipse.m2e.jdt.JarLifecycleMapping lifecycle mapping for MavenProject: 483:final:0.0.1-SNAPSHOT @ C:\Users\Super\OneDrive\Documents\483\final-project\final\pom.xml.
2025-05-06 16:21:32,829 [Worker-12: Creating maven-archetype-quickstart] INFO  o.e.m.c.i.e.AbstractTransferListenerAdapter - Downloading https://repo.maven.apache.org/maven2/junit/junit/3.8.1/junit-3.8.1.pom
2025-05-06 16:21:32,843 [Worker-12: Creating maven-archetype-quickstart] INFO  o.e.m.c.i.e.AbstractTransferListenerAdapter - Downloaded https://repo.maven.apache.org/maven2/junit/junit/3.8.1/junit-3.8.1.pom
2025-05-06 16:21:32,875 [Worker-12: Creating maven-archetype-quickstart] INFO  o.e.m.c.i.e.AbstractTransferListenerAdapter - Downloading https://repo.maven.apache.org/maven2/junit/junit/3.8.1/junit-3.8.1.jar
2025-05-06 16:21:32,929 [Worker-12: Creating maven-archetype-quickstart] INFO  o.e.m.c.i.e.AbstractTransferListenerAdapter - Downloaded https://repo.maven.apache.org/maven2/junit/junit/3.8.1/junit-3.8.1.jar
2025-05-06 16:21:33,574 [Worker-12: Creating maven-archetype-quickstart] INFO  o.e.m.j.i.AbstractJavaProjectConfigurator - Adding source folder /final/src/main/java
2025-05-06 16:21:33,578 [Worker-12: Creating maven-archetype-quickstart] INFO  o.e.m.j.i.AbstractJavaProjectConfigurator - Adding resource folder /final/src/main/resources
2025-05-06 16:21:33,582 [Worker-12: Creating maven-archetype-quickstart] INFO  o.e.m.j.i.AbstractJavaProjectConfigurator - Adding source folder /final/src/test/java
2025-05-06 16:21:33,585 [Worker-12: Creating maven-archetype-quickstart] INFO  o.e.m.j.i.AbstractJavaProjectConfigurator - Adding resource folder /final/src/test/resources
2025-05-06 16:21:33,735 [Worker-12: Creating maven-archetype-quickstart] INFO  o.e.m.c.i.p.ProjectConfigurationManager - Imported and configured 1 project(s) in 1 sec
2025-05-06 16:21:34,535 [Worker-30: Building] INFO  o.a.m.s.f.DefaultMavenResourcesFiltering - skip non existing resourceDirectory C:\Users\Super\OneDrive\Documents\483\final-project\final\src\main\resources
2025-05-06 16:21:34,542 [Worker-46: Download sources and javadoc] INFO  o.e.m.c.i.e.AbstractTransferListenerAdapter - Downloading https://repo.maven.apache.org/maven2/junit/junit/3.8.1/junit-3.8.1-sources.jar
2025-05-06 16:21:34,548 [Worker-30: Building] INFO  o.a.m.s.f.DefaultMavenResourcesFiltering - skip non existing resourceDirectory C:\Users\Super\OneDrive\Documents\483\final-project\final\src\test\resources
2025-05-06 16:21:34,574 [Worker-46: Download sources and javadoc] INFO  o.e.m.c.i.e.AbstractTransferListenerAdapter - Downloaded https://repo.maven.apache.org/maven2/junit/junit/3.8.1/junit-3.8.1-sources.jar
2025-05-06 16:21:34,579 [Worker-46: Download sources and javadoc] INFO  o.e.m.j.internal.DownloadSourcesJob - Downloaded sources for junit:junit:3.8.1
2025-05-06 16:27:09,222 [Worker-44: Building] INFO  o.e.m.c.i.l.LifecycleMappingFactory - Using org.eclipse.m2e.jdt.JarLifecycleMapping lifecycle mapping for MavenProject: com.example:jsondemo:0.0.1-SNAPSHOT @ C:\Users\Super\OneDrive\Documents\483\final-project\final\pom.xml.
2025-05-06 16:27:09,733 [Worker-44: Building] INFO  o.a.m.s.f.DefaultMavenResourcesFiltering - Copying 0 resource from src\main\resources to target\classes
2025-05-06 16:27:09,739 [Worker-44: Building] INFO  o.a.m.s.f.DefaultMavenResourcesFiltering - skip non existing resourceDirectory C:\Users\Super\OneDrive\Documents\483\final-project\final\src\test\resources
2025-05-06 16:27:10,386 [Worker-30: Updating Maven Project] INFO  o.e.m.c.i.p.ProjectConfigurationManager - Update started
2025-05-06 16:27:10,699 [Worker-30: Updating Maven Project] INFO  o.e.m.c.i.l.LifecycleMappingFactory - Using org.eclipse.m2e.jdt.JarLifecycleMapping lifecycle mapping for MavenProject: com.example:jsondemo:0.0.1-SNAPSHOT @ C:\Users\Super\OneDrive\Documents\483\final-project\final\pom.xml.
2025-05-06 16:27:11,777 [Worker-30: Updating Maven Project] INFO  o.e.m.j.i.AbstractJavaProjectConfigurator - Adding source folder /final/src/main/java
2025-05-06 16:27:11,781 [Worker-30: Updating Maven Project] INFO  o.e.m.j.i.AbstractJavaProjectConfigurator - Adding resource folder /final/src/main/resources
2025-05-06 16:27:11,788 [Worker-30: Updating Maven Project] INFO  o.e.m.j.i.AbstractJavaProjectConfigurator - Adding source folder /final/src/test/java
2025-05-06 16:27:11,789 [Worker-30: Updating Maven Project] INFO  o.e.m.j.i.AbstractJavaProjectConfigurator - Adding resource folder /final/src/test/resources
2025-05-06 16:27:12,779 [Worker-30: Updating Maven Project] INFO  o.e.m.c.i.p.ProjectConfigurationManager - Update completed for 1 poms: local refresh takes 0.00 sec, refresh facades takes 1.00 sec, update config takes 0.00 sec 
2025-05-06 16:27:13,126 [Worker-49: Building] INFO  o.a.m.s.f.DefaultMavenResourcesFiltering - Copying 0 resource from src\main\resources to target\classes
2025-05-06 16:27:13,131 [Worker-49: Building] INFO  o.a.m.s.f.DefaultMavenResourcesFiltering - skip non existing resourceDirectory C:\Users\Super\OneDrive\Documents\483\final-project\final\src\test\resources
2025-05-06 16:29:47,121 [Worker-49: Building] INFO  o.e.m.c.i.l.LifecycleMappingFactory - Using org.eclipse.m2e.jdt.JarLifecycleMapping lifecycle mapping for MavenProject: final:483:0.0.1-SNAPSHOT @ C:\Users\Super\OneDrive\Documents\483\final-project\final\pom.xml.
2025-05-06 16:29:47,700 [Worker-49: Building] INFO  o.a.m.s.f.DefaultMavenResourcesFiltering - Copying 0 resource from src\main\resources to target\classes
2025-05-06 16:29:47,708 [Worker-49: Building] INFO  o.a.m.s.f.DefaultMavenResourcesFiltering - skip non existing resourceDirectory C:\Users\Super\OneDrive\Documents\483\final-project\final\src\test\resources
2025-05-06 16:29:52,463 [Worker-54: Building] INFO  o.a.m.s.f.DefaultMavenResourcesFiltering - Copying 0 resource from src\main\resources to target\classes
2025-05-06 16:29:52,465 [Worker-54: Building] INFO  o.a.m.s.f.DefaultMavenResourcesFiltering - skip non existing resourceDirectory C:\Users\Super\OneDrive\Documents\483\final-project\final\src\test\resources
2025-05-06 16:33:15,743 [Worker-44: Launching mavenrun-b5527d91-3485-4411-aa84-bdcb4cbb9262] INFO  o.eclipse.m2e.core.internal.Bundles - getClasspathEntries(Bundle=org.eclipse.m2e.maven.runtime_3.9.900.20250220-2013 [298])
2025-05-06 16:33:15,744 [Worker-44: Launching mavenrun-b5527d91-3485-4411-aa84-bdcb4cbb9262] INFO  o.eclipse.m2e.core.internal.Bundles - 	Entry: C:\Users\Super\.p2\pool\plugins\org.eclipse.m2e.maven.runtime_3.9.900.20250220-2013
2025-05-06 16:33:15,745 [Worker-44: Launching mavenrun-b5527d91-3485-4411-aa84-bdcb4cbb9262] INFO  o.eclipse.m2e.core.internal.Bundles - 	Entry: C:\Users\Super\.p2\pool\plugins\org.eclipse.m2e.maven.runtime_3.9.900.20250220-2013\jars\aopalliance-1.0.jar
2025-05-06 16:33:15,745 [Worker-44: Launching mavenrun-b5527d91-3485-4411-aa84-bdcb4cbb9262] INFO  o.eclipse.m2e.core.internal.Bundles - 	Entry: C:\Users\Super\.p2\pool\plugins\org.eclipse.m2e.maven.runtime_3.9.900.20250220-2013\jars\guice-5.1.0.jar
2025-05-06 16:33:15,745 [Worker-44: Launching mavenrun-b5527d91-3485-4411-aa84-bdcb4cbb9262] INFO  o.eclipse.m2e.core.internal.Bundles - 	Entry: C:\Users\Super\.p2\pool\plugins\org.eclipse.m2e.maven.runtime_3.9.900.20250220-2013\jars\httpclient-4.5.14.jar
2025-05-06 16:33:15,745 [Worker-44: Launching mavenrun-b5527d91-3485-4411-aa84-bdcb4cbb9262] INFO  o.eclipse.m2e.core.internal.Bundles - 	Entry: C:\Users\Super\.p2\pool\plugins\org.eclipse.m2e.maven.runtime_3.9.900.20250220-2013\jars\httpcore-4.4.16.jar
2025-05-06 16:33:15,746 [Worker-44: Launching mavenrun-b5527d91-3485-4411-aa84-bdcb4cbb9262] INFO  o.eclipse.m2e.core.internal.Bundles - 	Entry: C:\Users\Super\.p2\pool\plugins\org.eclipse.m2e.maven.runtime_3.9.900.20250220-2013\jars\jansi-2.4.1.jar
2025-05-06 16:33:15,746 [Worker-44: Launching mavenrun-b5527d91-3485-4411-aa84-bdcb4cbb9262] INFO  o.eclipse.m2e.core.internal.Bundles - 	Entry: C:\Users\Super\.p2\pool\plugins\org.eclipse.m2e.maven.runtime_3.9.900.20250220-2013\jars\jcl-over-slf4j-1.7.36.jar
2025-05-06 16:33:15,746 [Worker-44: Launching mavenrun-b5527d91-3485-4411-aa84-bdcb4cbb9262] INFO  o.eclipse.m2e.core.internal.Bundles - 	Entry: C:\Users\Super\.p2\pool\plugins\org.eclipse.m2e.maven.runtime_3.9.900.20250220-2013\jars\maven-artifact-3.9.9.jar
2025-05-06 16:33:15,746 [Worker-44: Launching mavenrun-b5527d91-3485-4411-aa84-bdcb4cbb9262] INFO  o.eclipse.m2e.core.internal.Bundles - 	Entry: C:\Users\Super\.p2\pool\plugins\org.eclipse.m2e.maven.runtime_3.9.900.20250220-2013\jars\maven-builder-support-3.9.9.jar
2025-05-06 16:33:15,746 [Worker-44: Launching mavenrun-b5527d91-3485-4411-aa84-bdcb4cbb9262] INFO  o.eclipse.m2e.core.internal.Bundles - 	Entry: C:\Users\Super\.p2\pool\plugins\org.eclipse.m2e.maven.runtime_3.9.900.20250220-2013\jars\maven-compat-3.9.9.jar
2025-05-06 16:33:15,746 [Worker-44: Launching mavenrun-b5527d91-3485-4411-aa84-bdcb4cbb9262] INFO  o.eclipse.m2e.core.internal.Bundles - 	Entry: C:\Users\Super\.p2\pool\plugins\org.eclipse.m2e.maven.runtime_3.9.900.20250220-2013\jars\maven-core-3.9.9.jar
2025-05-06 16:33:15,747 [Worker-44: Launching mavenrun-b5527d91-3485-4411-aa84-bdcb4cbb9262] INFO  o.eclipse.m2e.core.internal.Bundles - 	Entry: C:\Users\Super\.p2\pool\plugins\org.eclipse.m2e.maven.runtime_3.9.900.20250220-2013\jars\maven-embedder-3.9.9.jar
2025-05-06 16:33:15,747 [Worker-44: Launching mavenrun-b5527d91-3485-4411-aa84-bdcb4cbb9262] INFO  o.eclipse.m2e.core.internal.Bundles - 	Entry: C:\Users\Super\.p2\pool\plugins\org.eclipse.m2e.maven.runtime_3.9.900.20250220-2013\jars\maven-model-3.9.9.jar
2025-05-06 16:33:15,747 [Worker-44: Launching mavenrun-b5527d91-3485-4411-aa84-bdcb4cbb9262] INFO  o.eclipse.m2e.core.internal.Bundles - 	Entry: C:\Users\Super\.p2\pool\plugins\org.eclipse.m2e.maven.runtime_3.9.900.20250220-2013\jars\maven-model-builder-3.9.9.jar
2025-05-06 16:33:15,748 [Worker-44: Launching mavenrun-b5527d91-3485-4411-aa84-bdcb4cbb9262] INFO  o.eclipse.m2e.core.internal.Bundles - 	Entry: C:\Users\Super\.p2\pool\plugins\org.eclipse.m2e.maven.runtime_3.9.900.20250220-2013\jars\maven-plugin-api-3.9.9.jar
2025-05-06 16:33:15,748 [Worker-44: Launching mavenrun-b5527d91-3485-4411-aa84-bdcb4cbb9262] INFO  o.eclipse.m2e.core.internal.Bundles - 	Entry: C:\Users\Super\.p2\pool\plugins\org.eclipse.m2e.maven.runtime_3.9.900.20250220-2013\jars\maven-repository-metadata-3.9.9.jar
2025-05-06 16:33:15,749 [Worker-44: Launching mavenrun-b5527d91-3485-4411-aa84-bdcb4cbb9262] INFO  o.eclipse.m2e.core.internal.Bundles - 	Entry: C:\Users\Super\.p2\pool\plugins\org.eclipse.m2e.maven.runtime_3.9.900.20250220-2013\jars\maven-resolver-api-1.9.22.jar
2025-05-06 16:33:15,749 [Worker-44: Launching mavenrun-b5527d91-3485-4411-aa84-bdcb4cbb9262] INFO  o.eclipse.m2e.core.internal.Bundles - 	Entry: C:\Users\Super\.p2\pool\plugins\org.eclipse.m2e.maven.runtime_3.9.900.20250220-2013\jars\maven-resolver-connector-basic-1.9.22.jar
2025-05-06 16:33:15,750 [Worker-44: Launching mavenrun-b5527d91-3485-4411-aa84-bdcb4cbb9262] INFO  o.eclipse.m2e.core.internal.Bundles - 	Entry: C:\Users\Super\.p2\pool\plugins\org.eclipse.m2e.maven.runtime_3.9.900.20250220-2013\jars\maven-resolver-impl-1.9.22.jar
2025-05-06 16:33:15,750 [Worker-44: Launching mavenrun-b5527d91-3485-4411-aa84-bdcb4cbb9262] INFO  o.eclipse.m2e.core.internal.Bundles - 	Entry: C:\Users\Super\.p2\pool\plugins\org.eclipse.m2e.maven.runtime_3.9.900.20250220-2013\jars\maven-resolver-named-locks-1.9.22.jar
2025-05-06 16:33:15,750 [Worker-44: Launching mavenrun-b5527d91-3485-4411-aa84-bdcb4cbb9262] INFO  o.eclipse.m2e.core.internal.Bundles - 	Entry: C:\Users\Super\.p2\pool\plugins\org.eclipse.m2e.maven.runtime_3.9.900.20250220-2013\jars\maven-resolver-provider-3.9.9.jar
2025-05-06 16:33:15,750 [Worker-44: Launching mavenrun-b5527d91-3485-4411-aa84-bdcb4cbb9262] INFO  o.eclipse.m2e.core.internal.Bundles - 	Entry: C:\Users\Super\.p2\pool\plugins\org.eclipse.m2e.maven.runtime_3.9.900.20250220-2013\jars\maven-resolver-spi-1.9.22.jar
2025-05-06 16:33:15,750 [Worker-44: Launching mavenrun-b5527d91-3485-4411-aa84-bdcb4cbb9262] INFO  o.eclipse.m2e.core.internal.Bundles - 	Entry: C:\Users\Super\.p2\pool\plugins\org.eclipse.m2e.maven.runtime_3.9.900.20250220-2013\jars\maven-resolver-transport-file-1.9.22.jar
2025-05-06 16:33:15,750 [Worker-44: Launching mavenrun-b5527d91-3485-4411-aa84-bdcb4cbb9262] INFO  o.eclipse.m2e.core.internal.Bundles - 	Entry: C:\Users\Super\.p2\pool\plugins\org.eclipse.m2e.maven.runtime_3.9.900.20250220-2013\jars\maven-resolver-transport-http-1.9.22.jar
2025-05-06 16:33:15,752 [Worker-44: Launching mavenrun-b5527d91-3485-4411-aa84-bdcb4cbb9262] INFO  o.eclipse.m2e.core.internal.Bundles - 	Entry: C:\Users\Super\.p2\pool\plugins\org.eclipse.m2e.maven.runtime_3.9.900.20250220-2013\jars\maven-resolver-transport-wagon-1.9.22.jar
2025-05-06 16:33:15,752 [Worker-44: Launching mavenrun-b5527d91-3485-4411-aa84-bdcb4cbb9262] INFO  o.eclipse.m2e.core.internal.Bundles - 	Entry: C:\Users\Super\.p2\pool\plugins\org.eclipse.m2e.maven.runtime_3.9.900.20250220-2013\jars\maven-resolver-util-1.9.22.jar
2025-05-06 16:33:15,752 [Worker-44: Launching mavenrun-b5527d91-3485-4411-aa84-bdcb4cbb9262] INFO  o.eclipse.m2e.core.internal.Bundles - 	Entry: C:\Users\Super\.p2\pool\plugins\org.eclipse.m2e.maven.runtime_3.9.900.20250220-2013\jars\maven-settings-3.9.9.jar
2025-05-06 16:33:15,753 [Worker-44: Launching mavenrun-b5527d91-3485-4411-aa84-bdcb4cbb9262] INFO  o.eclipse.m2e.core.internal.Bundles - 	Entry: C:\Users\Super\.p2\pool\plugins\org.eclipse.m2e.maven.runtime_3.9.900.20250220-2013\jars\maven-settings-builder-3.9.9.jar
2025-05-06 16:33:15,753 [Worker-44: Launching mavenrun-b5527d91-3485-4411-aa84-bdcb4cbb9262] INFO  o.eclipse.m2e.core.internal.Bundles - 	Entry: C:\Users\Super\.p2\pool\plugins\org.eclipse.m2e.maven.runtime_3.9.900.20250220-2013\jars\maven-shared-utils-3.4.2.jar
2025-05-06 16:33:15,753 [Worker-44: Launching mavenrun-b5527d91-3485-4411-aa84-bdcb4cbb9262] INFO  o.eclipse.m2e.core.internal.Bundles - 	Entry: C:\Users\Super\.p2\pool\plugins\org.eclipse.m2e.maven.runtime_3.9.900.20250220-2013\jars\org.eclipse.sisu.inject-0.9.0.M3.jar
2025-05-06 16:33:15,753 [Worker-44: Launching mavenrun-b5527d91-3485-4411-aa84-bdcb4cbb9262] INFO  o.eclipse.m2e.core.internal.Bundles - 	Entry: C:\Users\Super\.p2\pool\plugins\org.eclipse.m2e.maven.runtime_3.9.900.20250220-2013\jars\org.eclipse.sisu.plexus-0.9.0.M3.jar
2025-05-06 16:33:15,754 [Worker-44: Launching mavenrun-b5527d91-3485-4411-aa84-bdcb4cbb9262] INFO  o.eclipse.m2e.core.internal.Bundles - 	Entry: C:\Users\Super\.p2\pool\plugins\org.eclipse.m2e.maven.runtime_3.9.900.20250220-2013\jars\plexus-build-api-0.0.7.jar
2025-05-06 16:33:15,754 [Worker-44: Launching mavenrun-b5527d91-3485-4411-aa84-bdcb4cbb9262] INFO  o.eclipse.m2e.core.internal.Bundles - 	Entry: C:\Users\Super\.p2\pool\plugins\org.eclipse.m2e.maven.runtime_3.9.900.20250220-2013\jars\plexus-build-api-1.2.0.jar
2025-05-06 16:33:15,754 [Worker-44: Launching mavenrun-b5527d91-3485-4411-aa84-bdcb4cbb9262] INFO  o.eclipse.m2e.core.internal.Bundles - 	Entry: C:\Users\Super\.p2\pool\plugins\org.eclipse.m2e.maven.runtime_3.9.900.20250220-2013\jars\plexus-cipher-2.0.jar
2025-05-06 16:33:15,755 [Worker-44: Launching mavenrun-b5527d91-3485-4411-aa84-bdcb4cbb9262] INFO  o.eclipse.m2e.core.internal.Bundles - 	Entry: C:\Users\Super\.p2\pool\plugins\org.eclipse.m2e.maven.runtime_3.9.900.20250220-2013\jars\plexus-classworlds-2.8.0.jar
2025-05-06 16:33:15,755 [Worker-44: Launching mavenrun-b5527d91-3485-4411-aa84-bdcb4cbb9262] INFO  o.eclipse.m2e.core.internal.Bundles - 	Entry: C:\Users\Super\.p2\pool\plugins\org.eclipse.m2e.maven.runtime_3.9.900.20250220-2013\jars\plexus-component-annotations-2.1.0.jar
2025-05-06 16:33:15,755 [Worker-44: Launching mavenrun-b5527d91-3485-4411-aa84-bdcb4cbb9262] INFO  o.eclipse.m2e.core.internal.Bundles - 	Entry: C:\Users\Super\.p2\pool\plugins\org.eclipse.m2e.maven.runtime_3.9.900.20250220-2013\jars\plexus-interpolation-1.27.jar
2025-05-06 16:33:15,755 [Worker-44: Launching mavenrun-b5527d91-3485-4411-aa84-bdcb4cbb9262] INFO  o.eclipse.m2e.core.internal.Bundles - 	Entry: C:\Users\Super\.p2\pool\plugins\org.eclipse.m2e.maven.runtime_3.9.900.20250220-2013\jars\plexus-sec-dispatcher-2.0.jar
2025-05-06 16:33:15,756 [Worker-44: Launching mavenrun-b5527d91-3485-4411-aa84-bdcb4cbb9262] INFO  o.eclipse.m2e.core.internal.Bundles - 	Entry: C:\Users\Super\.p2\pool\plugins\org.eclipse.m2e.maven.runtime_3.9.900.20250220-2013\jars\plexus-utils-3.5.1.jar
2025-05-06 16:33:15,756 [Worker-44: Launching mavenrun-b5527d91-3485-4411-aa84-bdcb4cbb9262] INFO  o.eclipse.m2e.core.internal.Bundles - 	Entry: C:\Users\Super\.p2\pool\plugins\org.eclipse.m2e.maven.runtime_3.9.900.20250220-2013\jars\plexus-xml-3.0.1.jar
2025-05-06 16:33:15,757 [Worker-44: Launching mavenrun-b5527d91-3485-4411-aa84-bdcb4cbb9262] INFO  o.eclipse.m2e.core.internal.Bundles - 	Entry: C:\Users\Super\.p2\pool\plugins\org.eclipse.m2e.maven.runtime_3.9.900.20250220-2013\jars\wagon-file-3.5.3.jar
2025-05-06 16:33:15,757 [Worker-44: Launching mavenrun-b5527d91-3485-4411-aa84-bdcb4cbb9262] INFO  o.eclipse.m2e.core.internal.Bundles - 	Entry: C:\Users\Super\.p2\pool\plugins\org.eclipse.m2e.maven.runtime_3.9.900.20250220-2013\jars\wagon-http-3.5.3.jar
2025-05-06 16:33:15,757 [Worker-44: Launching mavenrun-b5527d91-3485-4411-aa84-bdcb4cbb9262] INFO  o.eclipse.m2e.core.internal.Bundles - 	Entry: C:\Users\Super\.p2\pool\plugins\org.eclipse.m2e.maven.runtime_3.9.900.20250220-2013\jars\wagon-http-shared-3.5.3.jar
2025-05-06 16:33:15,757 [Worker-44: Launching mavenrun-b5527d91-3485-4411-aa84-bdcb4cbb9262] INFO  o.eclipse.m2e.core.internal.Bundles - 	Entry: C:\Users\Super\.p2\pool\plugins\org.eclipse.m2e.maven.runtime_3.9.900.20250220-2013\jars\wagon-provider-api-3.5.3.jar
2025-05-06 16:33:15,758 [Worker-44: Launching mavenrun-b5527d91-3485-4411-aa84-bdcb4cbb9262] INFO  o.eclipse.m2e.core.internal.Bundles - getClasspathEntries(Bundle=com.google.guava_33.4.0.jre [12])
2025-05-06 16:33:15,758 [Worker-44: Launching mavenrun-b5527d91-3485-4411-aa84-bdcb4cbb9262] INFO  o.eclipse.m2e.core.internal.Bundles - 	Entry: C:\Users\Super\.p2\pool\plugins\com.google.guava_33.4.0.jre.jar
2025-05-06 16:33:15,758 [Worker-44: Launching mavenrun-b5527d91-3485-4411-aa84-bdcb4cbb9262] INFO  o.eclipse.m2e.core.internal.Bundles - getClasspathEntries(Bundle=slf4j.api_2.0.17 [522])
2025-05-06 16:33:15,759 [Worker-44: Launching mavenrun-b5527d91-3485-4411-aa84-bdcb4cbb9262] INFO  o.eclipse.m2e.core.internal.Bundles - 	Entry: C:\Users\Super\.p2\pool\plugins\slf4j.api_2.0.17.jar
2025-05-06 16:33:15,759 [Worker-44: Launching mavenrun-b5527d91-3485-4411-aa84-bdcb4cbb9262] INFO  o.eclipse.m2e.core.internal.Bundles - getClasspathEntries(Bundle=jakarta.inject.jakarta.inject-api_1.0.5 [24])
2025-05-06 16:33:15,759 [Worker-44: Launching mavenrun-b5527d91-3485-4411-aa84-bdcb4cbb9262] INFO  o.eclipse.m2e.core.internal.Bundles - 	Entry: C:\Users\Super\.p2\pool\plugins\jakarta.inject.jakarta.inject-api_1.0.5.jar
2025-05-06 16:33:15,759 [Worker-44: Launching mavenrun-b5527d91-3485-4411-aa84-bdcb4cbb9262] INFO  o.eclipse.m2e.core.internal.Bundles - getClasspathEntries(Bundle=jakarta.annotation-api_1.3.5 [22])
2025-05-06 16:33:15,760 [Worker-44: Launching mavenrun-b5527d91-3485-4411-aa84-bdcb4cbb9262] INFO  o.eclipse.m2e.core.internal.Bundles - 	Entry: C:\Users\Super\.p2\pool\plugins\jakarta.annotation-api_1.3.5.jar
2025-05-06 16:33:15,760 [Worker-44: Launching mavenrun-b5527d91-3485-4411-aa84-bdcb4cbb9262] INFO  o.eclipse.m2e.core.internal.Bundles - getClasspathEntries(Bundle=org.apache.commons.cli_1.9.0 [48])
2025-05-06 16:33:15,760 [Worker-44: Launching mavenrun-b5527d91-3485-4411-aa84-bdcb4cbb9262] INFO  o.eclipse.m2e.core.internal.Bundles - 	Entry: C:\Users\Super\.p2\pool\plugins\org.apache.commons.cli_1.9.0.jar
2025-05-06 16:33:15,760 [Worker-44: Launching mavenrun-b5527d91-3485-4411-aa84-bdcb4cbb9262] INFO  o.eclipse.m2e.core.internal.Bundles - getClasspathEntries(Bundle=org.apache.commons.commons-codec_1.16.0 [49])
2025-05-06 16:33:15,760 [Worker-44: Launching mavenrun-b5527d91-3485-4411-aa84-bdcb4cbb9262] INFO  o.eclipse.m2e.core.internal.Bundles - 	Entry: C:\Users\Super\.p2\pool\plugins\org.apache.commons.commons-codec_1.16.0.jar
2025-05-06 16:33:15,760 [Worker-44: Launching mavenrun-b5527d91-3485-4411-aa84-bdcb4cbb9262] INFO  o.eclipse.m2e.core.internal.Bundles - getClasspathEntries(Bundle=com.google.guava.failureaccess_1.0.2 [13])
2025-05-06 16:33:15,761 [Worker-44: Launching mavenrun-b5527d91-3485-4411-aa84-bdcb4cbb9262] INFO  o.eclipse.m2e.core.internal.Bundles - 	Entry: C:\Users\Super\.p2\pool\plugins\com.google.guava.failureaccess_1.0.2.jar
2025-05-06 16:33:15,763 [Worker-44: Launching mavenrun-b5527d91-3485-4411-aa84-bdcb4cbb9262] INFO  o.e.m.i.launch.MavenLaunchDelegate - Run build in "C:\Users\Super\AppData\Local\Temp\m2e-archetypeGenerator17052623012466748375":
2025-05-06 16:33:15,763 [Worker-44: Launching mavenrun-b5527d91-3485-4411-aa84-bdcb4cbb9262] INFO  o.e.m.i.launch.MavenLaunchDelegate -  mvn  -DjavaCompilerVersion=17 -DjunitVersion=5.11.0 -DarchetypeGroupId=org.apache.maven.archetypes -DarchetypeArtifactId=maven-archetype-quickstart -DarchetypeVersion=1.5 -DgroupId=Final -DartifactId=db -Dversion=0.0.1-SNAPSHOT -Dpackage=Final.db -DoutputDirectory=C:\Users\Super\OneDrive\Documents\483\final-project -Dstyle.color=always -U archetype:generate
2025-05-06 16:33:32,042 [Worker-56: Creating maven-archetype-quickstart] INFO  o.e.m.c.i.p.ProjectConfigurationManager - Collecting project info '/pom.xml' C:\Users\Super\OneDrive\Documents\483\final-project\db\pom.xml
2025-05-06 16:33:32,309 [Worker-56: Creating maven-archetype-quickstart] INFO  o.e.m.c.i.l.LifecycleMappingFactory - Using org.eclipse.m2e.jdt.JarLifecycleMapping lifecycle mapping for MavenProject: Final:db:0.0.1-SNAPSHOT @ C:\Users\Super\OneDrive\Documents\483\final-project\db\pom.xml.
2025-05-06 16:33:32,727 [Worker-56: Creating maven-archetype-quickstart] INFO  o.e.m.j.i.AbstractJavaProjectConfigurator - Adding source folder /db/src/main/java
2025-05-06 16:33:32,729 [Worker-56: Creating maven-archetype-quickstart] INFO  o.e.m.j.i.AbstractJavaProjectConfigurator - Adding resource folder /db/src/main/resources
2025-05-06 16:33:32,733 [Worker-56: Creating maven-archetype-quickstart] INFO  o.e.m.j.i.AbstractJavaProjectConfigurator - Adding source folder /db/src/test/java
2025-05-06 16:33:32,734 [Worker-56: Creating maven-archetype-quickstart] INFO  o.e.m.j.i.AbstractJavaProjectConfigurator - Adding resource folder /db/src/test/resources
2025-05-06 16:33:32,782 [Worker-56: Creating maven-archetype-quickstart] INFO  o.e.m.c.i.p.ProjectConfigurationManager - Imported and configured 1 project(s) in 0 sec
2025-05-06 16:33:33,343 [Worker-44: Building] INFO  o.a.m.s.f.DefaultMavenResourcesFiltering - skip non existing resourceDirectory C:\Users\Super\OneDrive\Documents\483\final-project\db\src\main\resources
2025-05-06 16:33:33,350 [Worker-44: Building] INFO  o.a.m.s.f.DefaultMavenResourcesFiltering - skip non existing resourceDirectory C:\Users\Super\OneDrive\Documents\483\final-project\db\src\test\resources
2025-05-06 16:36:29,124 [Worker-30: Building] INFO  o.e.m.c.i.l.LifecycleMappingFactory - Using org.eclipse.m2e.jdt.JarLifecycleMapping lifecycle mapping for MavenProject: Final:db:0.0.1-SNAPSHOT @ C:\Users\Super\OneDrive\Documents\483\final-project\db\pom.xml.
2025-05-06 16:36:29,324 [Worker-30: Building] INFO  o.a.m.s.f.DefaultMavenResourcesFiltering - skip non existing resourceDirectory C:\Users\Super\OneDrive\Documents\483\final-project\db\src\main\resources
2025-05-06 16:36:29,330 [Worker-30: Building] INFO  o.a.m.s.f.DefaultMavenResourcesFiltering - skip non existing resourceDirectory C:\Users\Super\OneDrive\Documents\483\final-project\db\src\test\resources
2025-05-06 16:36:29,589 [Worker-59: Updating Maven Project] INFO  o.e.m.c.i.p.ProjectConfigurationManager - Update started
2025-05-06 16:36:29,641 [Worker-59: Updating Maven Project] INFO  o.e.m.c.i.l.LifecycleMappingFactory - Using org.eclipse.m2e.jdt.JarLifecycleMapping lifecycle mapping for MavenProject: Final:db:0.0.1-SNAPSHOT @ C:\Users\Super\OneDrive\Documents\483\final-project\db\pom.xml.
2025-05-06 16:36:29,783 [Worker-59: Updating Maven Project] INFO  o.e.m.j.i.AbstractJavaProjectConfigurator - Adding source folder /db/src/main/java
2025-05-06 16:36:29,785 [Worker-59: Updating Maven Project] INFO  o.e.m.j.i.AbstractJavaProjectConfigurator - Adding resource folder /db/src/main/resources
2025-05-06 16:36:29,785 [Worker-59: Updating Maven Project] INFO  o.e.m.j.i.AbstractJavaProjectConfigurator - Adding source folder /db/src/test/java
2025-05-06 16:36:29,786 [Worker-59: Updating Maven Project] INFO  o.e.m.j.i.AbstractJavaProjectConfigurator - Adding resource folder /db/src/test/resources
2025-05-06 16:36:29,935 [Worker-59: Updating Maven Project] INFO  o.e.m.c.i.p.ProjectConfigurationManager - Update completed for 1 poms: local refresh takes 0.00 sec, refresh facades takes 0.00 sec, update config takes 0.00 sec 
2025-05-06 16:36:30,780 [Worker-56: Building] INFO  o.a.m.s.f.DefaultMavenResourcesFiltering - skip non existing resourceDirectory C:\Users\Super\OneDrive\Documents\483\final-project\db\src\main\resources
2025-05-06 16:36:30,786 [Worker-56: Building] INFO  o.a.m.s.f.DefaultMavenResourcesFiltering - skip non existing resourceDirectory C:\Users\Super\OneDrive\Documents\483\final-project\db\src\test\resources
2025-05-06 21:23:39,600 [Worker-74: Building] INFO  o.e.m.c.i.l.LifecycleMappingFactory - Using org.eclipse.m2e.jdt.JarLifecycleMapping lifecycle mapping for MavenProject: Final:db:0.0.1-SNAPSHOT @ C:\Users\Super\OneDrive\Documents\483\final-project\db\pom.xml.
2025-05-06 21:23:40,130 [Worker-74: Building] INFO  o.a.m.s.f.DefaultMavenResourcesFiltering - Copying 11 resources from src\main\resources to target\classes
2025-05-06 21:23:40,152 [Worker-74: Building] INFO  o.a.m.s.f.DefaultMavenResourcesFiltering - skip non existing resourceDirectory C:\Users\Super\OneDrive\Documents\483\final-project\db\src\test\resources
2025-05-06 21:23:41,829 [Worker-74: Download sources and javadoc] INFO  o.e.m.c.i.e.AbstractTransferListenerAdapter - Downloading https://repo.maven.apache.org/maven2/com/oracle/database/jdbc/ojdbc11/21.9.0.0/ojdbc11-21.9.0.0-sources.jar
2025-05-06 21:23:41,837 [Worker-74: Download sources and javadoc] INFO  o.e.m.c.i.e.AbstractTransferListenerAdapter - Downloaded https://repo.maven.apache.org/maven2/com/oracle/database/jdbc/ojdbc11/21.9.0.0/ojdbc11-21.9.0.0-sources.jar
2025-05-06 21:23:41,840 [Worker-74: Download sources and javadoc] INFO  o.e.m.j.internal.DownloadSourcesJob - Downloaded sources for com.oracle.database.jdbc:ojdbc11:21.9.0.0
2025-05-06 21:23:42,027 [Worker-74: Download sources and javadoc] INFO  o.e.m.c.i.e.AbstractTransferListenerAdapter - Downloading https://repo.maven.apache.org/maven2/com/oracle/database/jdbc/ucp/21.9.0.0/ucp-21.9.0.0-sources.jar
2025-05-06 21:23:42,032 [Worker-74: Download sources and javadoc] INFO  o.e.m.c.i.e.AbstractTransferListenerAdapter - Downloaded https://repo.maven.apache.org/maven2/com/oracle/database/jdbc/ucp/21.9.0.0/ucp-21.9.0.0-sources.jar
2025-05-06 21:23:42,040 [Worker-74: Download sources and javadoc] INFO  o.e.m.j.internal.DownloadSourcesJob - Downloaded sources for com.oracle.database.jdbc:ucp:21.9.0.0
2025-05-06 21:23:42,269 [Worker-74: Download sources and javadoc] INFO  o.e.m.c.i.e.AbstractTransferListenerAdapter - Downloading https://repo.maven.apache.org/maven2/com/oracle/database/jdbc/ojdbc8/21.9.0.0/ojdbc8-21.9.0.0-sources.jar
2025-05-06 21:23:42,385 [Worker-74: Download sources and javadoc] INFO  o.e.m.c.i.e.AbstractTransferListenerAdapter - Downloaded https://repo.maven.apache.org/maven2/com/oracle/database/jdbc/ojdbc8/21.9.0.0/ojdbc8-21.9.0.0-sources.jar
2025-05-06 21:23:42,391 [Worker-74: Download sources and javadoc] INFO  o.e.m.j.internal.DownloadSourcesJob - Downloaded sources for com.oracle.database.jdbc:ojdbc8:21.9.0.0
